# JRE version: Java(TM) SE Runtime Environment (9.0+11) (build 9.0.4+11)
# Java VM: Java HotSpot(TM) 64-Bit Server VM (9.0.4+11, mixed mode, tiered, compressed oops, g1 gc, windows-amd64)
Heap:
 garbage-first heap   total 168960K, used 85814K [0x0000000700000000, 0x0000000700100528, 0x00000007c0000000)
  region size 1024K, 30 young (30720K), 0 survivors (0K)
 Metaspace       used 71973K, capacity 76383K, committed 76412K, reserved 1114112K
  class space    used 10091K, capacity 10868K, committed 10876K, reserved 1048576K
GC Heap History (10 events):
Event: 56.222 GC heap before
{Heap before GC invocations=24 (full 1):
 garbage-first heap   total 184320K, used 67611K [0x0000000700000000, 0x00000007001005a0, 0x00000007c0000000)
  region size 1024K, 16 young (16384K), 3 survivors (3072K)
 Metaspace       used 66864K, capacity 70919K, committed 71036K, reserved 1110016K
  class space    used 9290K, capacity 9996K, committed 10108K, reserved 1048576K
}
Event: 56.440 GC heap after
{Heap after GC invocations=25 (full 2):
 garbage-first heap   total 168960K, used 50577K [0x0000000700000000, 0x0000000700100528, 0x00000007c0000000)
  region size 1024K, 0 young (0K), 0 survivors (0K)
 Metaspace       used 66864K, capacity 70919K, committed 71036K, reserved 1110016K
  class space    used 9290K, capacity 9996K, committed 10108K, reserved 1048576K
}
Event: 59.626 GC heap before
{Heap before GC invocations=25 (full 2):
 garbage-first heap   total 168960K, used 112017K [0x0000000700000000, 0x0000000700100528, 0x00000007c0000000)
  region size 1024K, 60 young (61440K), 0 survivors (0K)
 Metaspace       used 67920K, capacity 72077K, committed 72316K, reserved 1112064K
  class space    used 9463K, capacity 10237K, committed 10364K, reserved 1048576K
}
Event: 59.641 GC heap after
{Heap after GC invocations=26 (full 2):
 garbage-first heap   total 168960K, used 53941K [0x0000000700000000, 0x0000000700100528, 0x00000007c0000000)
  region size 1024K, 4 young (4096K), 4 survivors (4096K)
 Metaspace       used 67920K, capacity 72077K, committed 72316K, reserved 1112064K
  class space    used 9463K, capacity 10237K, committed 10364K, reserved 1048576K
}
Event: 60.407 GC heap before
{Heap before GC invocations=26 (full 2):
 garbage-first heap   total 168960K, used 111285K [0x0000000700000000, 0x0000000700100528, 0x00000007c0000000)
  region size 1024K, 60 young (61440K), 4 survivors (4096K)
 Metaspace       used 68542K, capacity 72715K, committed 72828K, reserved 1112064K
  class space    used 9576K, capacity 10338K, committed 10364K, reserved 1048576K
}
Event: 60.418 GC heap after
{Heap after GC invocations=27 (full 2):
 garbage-first heap   total 168960K, used 54062K [0x0000000700000000, 0x0000000700100528, 0x00000007c0000000)
  region size 1024K, 4 young (4096K), 4 survivors (4096K)
 Metaspace       used 68542K, capacity 72715K, committed 72828K, reserved 1112064K
  class space    used 9576K, capacity 10338K, committed 10364K, reserved 1048576K
}
Event: 61.331 GC heap before
{Heap before GC invocations=27 (full 2):
 garbage-first heap   total 168960K, used 111406K [0x0000000700000000, 0x0000000700100528, 0x00000007c0000000)
  region size 1024K, 60 young (61440K), 4 survivors (4096K)
 Metaspace       used 70937K, capacity 75315K, committed 75644K, reserved 1114112K
  class space    used 9994K, capacity 10770K, committed 10876K, reserved 1048576K
}
Event: 61.346 GC heap after
{Heap after GC invocations=28 (full 2):
 garbage-first heap   total 168960K, used 56871K [0x0000000700000000, 0x0000000700100528, 0x00000007c0000000)
  region size 1024K, 7 young (7168K), 7 survivors (7168K)
 Metaspace       used 70937K, capacity 75315K, committed 75644K, reserved 1114112K
  class space    used 9994K, capacity 10770K, committed 10876K, reserved 1048576K
}
Event: 61.875 GC heap before
{Heap before GC invocations=28 (full 2):
 garbage-first heap   total 168960K, used 80423K [0x0000000700000000, 0x0000000700100528, 0x00000007c0000000)
  region size 1024K, 25 young (25600K), 7 survivors (7168K)
 Metaspace       used 71842K, capacity 76187K, committed 76412K, reserved 1114112K
  class space    used 10090K, capacity 10868K, committed 10876K, reserved 1048576K
}
Event: 62.143 GC heap after
{Heap after GC invocations=29 (full 3):
 garbage-first heap   total 168960K, used 56118K [0x0000000700000000, 0x0000000700100528, 0x00000007c0000000)
  region size 1024K, 0 young (0K), 0 survivors (0K)
 Metaspace       used 71842K, capacity 76187K, committed 76412K, reserved 1114112K
  class space    used 10090K, capacity 10868K, committed 10876K, reserved 1048576K
}

